reading 1000000 bytes of data
Read in file urand.bin, 1000000 bytes long.
Dataset: 1000000 8-bit symbols, 256 symbols in alphabet.
Output symbol values: min = 0, max = 255.
Max processes allowed: 4.

Calculating statistics on original sequence
Calculating statistics on permuted sequences

                statistic  C[i][0]  C[i][1]
-------------------------------------------
                excursion     1757        0
       numDirectionalRuns     7213        6
       lenDirectionalRuns      430     3496
    numIncreasesDecreases     9660        0
            numRunsMedian     7620        6
            lenRunsMedian     3761     2303
             avgCollision     6608        2
             maxCollision     8603      723
           periodicity(1)     3009       56
           periodicity(2)     9927        4
           periodicity(8)      433       16
          periodicity(16)     2132       53
          periodicity(32)     4028       56
            covariance(1)     2981        0
            covariance(2)     5983        0
            covariance(8)      819        0
           covariance(16)     3907        0
           covariance(32)     5737        0
              compression     4205       10
(* denotes failed test)
** Passed IID permutation tests
min-entropy = 7.88864

Don't forget to run the sanity check on a restart dataset using H_I = 7.88864
reading 1000000 bytes of data
Read in file urand.bin, 1000000 bytes long.
Dataset: 1000000 8-bit symbols, 256 symbols in alphabet.
Output symbol values: min = 0, max = 255.
Max processes allowed: 1.

Calculating statistics on original sequence
Calculating statistics on permuted sequences
