Process ForkPoolWorker-4:
Traceback (most recent call last):
  File "/usr/lib/python3.5/multiprocessing/process.py", line 249, in _bootstrap
    self.run()
  File "/usr/lib/python3.5/multiprocessing/process.py", line 93, in run
    self._target(*self._args, **self._kwargs)
  File "/usr/lib/python3.5/multiprocessing/pool.py", line 119, in worker
    result = (True, func(*args, **kwds))
  File "/home/user/Documents/SP800-90B_EntropyAssessment/permutation_tests.py", line 511, in run_iterations
    if is_binary:
  File "/home/user/Documents/SP800-90B_EntropyAssessment/permutation_tests.py", line 309, in altSequence2
    sp.append(1)
KeyboardInterrupt
Process ForkPoolWorker-1:
Traceback (most recent call last):
  File "/usr/lib/python3.5/multiprocessing/process.py", line 249, in _bootstrap
    self.run()
  File "/usr/lib/python3.5/multiprocessing/process.py", line 93, in run
    self._target(*self._args, **self._kwargs)
  File "/usr/lib/python3.5/multiprocessing/pool.py", line 119, in worker
    result = (True, func(*args, **kwds))
  File "/home/user/Documents/SP800-90B_EntropyAssessment/permutation_tests.py", line 547, in run_iterations
    else:
  File "/home/user/Documents/SP800-90B_EntropyAssessment/permutation_tests.py", line 254, in covariance
    while i < (L-p):
KeyboardInterrupt
Process ForkPoolWorker-2:
Traceback (most recent call last):
  File "/usr/lib/python3.5/multiprocessing/process.py", line 249, in _bootstrap
    self.run()
  File "/usr/lib/python3.5/multiprocessing/process.py", line 93, in run
    self._target(*self._args, **self._kwargs)
  File "/usr/lib/python3.5/multiprocessing/pool.py", line 119, in worker
    result = (True, func(*args, **kwds))
  File "/home/user/Documents/SP800-90B_EntropyAssessment/permutation_tests.py", line 519, in run_iterations
    # conversion 2 required for collision statistics on binary data
  File "/home/user/Documents/SP800-90B_EntropyAssessment/permutation_tests.py", line 329, in findCollisions
    for ell, index in enumerate(s):
KeyboardInterrupt
Process ForkPoolWorker-3:
Traceback (most recent call last):
  File "/usr/lib/python3.5/multiprocessing/process.py", line 249, in _bootstrap
    self.run()
  File "/usr/lib/python3.5/multiprocessing/process.py", line 93, in run
    self._target(*self._args, **self._kwargs)
  File "/usr/lib/python3.5/multiprocessing/pool.py", line 119, in worker
    result = (True, func(*args, **kwds))
  File "/home/user/Documents/SP800-90B_EntropyAssessment/permutation_tests.py", line 549, in run_iterations
    tp['covariance(2)'] = covariance(data,2)
  File "/home/user/Documents/SP800-90B_EntropyAssessment/permutation_tests.py", line 254, in covariance
    while i < (L-p):
KeyboardInterrupt
Traceback (most recent call last):
  File "iid_main.py", line 57, in <module>
    passed_permutation_tests = permutation_test(dataset, max_processes, verbose)
  File "/home/user/Documents/SP800-90B_EntropyAssessment/permutation_tests.py", line 440, in permutation_test
    #sys.stdout.flush()
  File "/usr/lib/python3.5/multiprocessing/pool.py", line 510, in join
    self._worker_handler.join()
  File "/usr/lib/python3.5/threading.py", line 1054, in join
    self._wait_for_tstate_lock()
  File "/usr/lib/python3.5/threading.py", line 1070, in _wait_for_tstate_lock
    elif lock.acquire(block, timeout):
KeyboardInterrupt
Command exited with non-zero status 1
4029.98user 19.54system 18:05.76elapsed 372%CPU (0avgtext+0avgdata 140324maxresident)k
0inputs+40outputs (0major+6107888minor)pagefaults 0swaps
